<?xml version="1.0" encoding="UTF-8"?>
<testng-results ignored="0" total="1" passed="1" failed="0" skipped="0">
  <reporter-output>
  </reporter-output>
  <suite started-at="2023-10-04T21:24:36 CDT" name="Default suite" finished-at="2023-10-04T21:25:06 CDT" duration-ms="29401">
    <groups>
    </groups>
    <test started-at="2023-10-04T21:24:36 CDT" name="Default test" finished-at="2023-10-04T21:25:06 CDT" duration-ms="29401">
      <class name="sauceDemoTests.SDUserInfoTest">
        <test-method is-config="true" signature="setup()[pri:0, instance:sauceDemoTests.SDUserInfoTest@54e1c68b]" started-at="2023-10-04T21:24:36 CDT" name="setup" finished-at="2023-10-04T21:24:42 CDT" duration-ms="5650" status="PASS">
          <reporter-output>
          </reporter-output>
        </test-method> <!-- setup -->
        <test-method signature="continueToCheckout()[pri:0, instance:sauceDemoTests.SDUserInfoTest@54e1c68b]" started-at="2023-10-04T21:24:42 CDT" name="continueToCheckout" finished-at="2023-10-04T21:25:06 CDT" duration-ms="23633" status="PASS">
          <reporter-output>
          </reporter-output>
        </test-method> <!-- continueToCheckout -->
      </class> <!-- sauceDemoTests.SDUserInfoTest -->
    </test> <!-- Default test -->
  </suite> <!-- Default suite -->
</testng-results>
